2021-03-30T20:56:02 Checking update-file '/usr/share/kde4/apps/kconf_update/kde-display-handler.upd' for new updates
2021-03-30T20:56:02 kde-display-handler.upd: Found new update '4.10kde-display-handler'
2021-03-30T20:56:02 kde-display-handler.upd: Running script 'kde-display-handler.sh'
2021-03-30T20:56:02 [Script] sh: /usr/share/kde4/apps/kconf_update/kde-display-handler.sh: Permission denied
2021-03-30T20:56:02 kde-display-handler.upd: !! An error occurred while running '/usr/share/kde4/apps/kconf_update/kde-display-handler.sh'
2021-03-30T20:56:02 Checking update-file '/usr/share/kde4/apps/kconf_update/kcookiescfg.upd' for new updates
2021-03-30T20:56:02 kcookiescfg.upd: Found new update 'kde2.2/b1'
2021-03-30T20:56:02 kcookiescfg.upd: File 'kcookiejarrc' does not exist or empty, skipping
2021-03-30T20:56:02 kcookiescfg.upd: Found new update 'kde3.1/cvs'
2021-03-30T20:56:02 kcookiescfg.upd: File 'kcookiejarrc' does not exist or empty, skipping
2021-03-30T20:56:02 kcookiescfg.upd: Found new update 'kde4.10/git'
2021-03-30T20:56:02 kcookiescfg.upd: File 'kcookiejarrc' does not exist or empty, skipping
2021-03-30T20:56:02 Checking update-file '/usr/share/kde4/apps/kconf_update/kded.upd' for new updates
2021-03-30T20:56:02 kded.upd: Found new update 'kde3.0'
2021-03-30T20:56:02 kded.upd: File 'kdedrc' does not exist or empty, skipping
2021-03-30T20:56:02 Checking update-file '/usr/share/kde4/apps/kconf_update/kio_help.upd' for new updates
2021-03-30T20:56:02 kio_help.upd: Found new update 'kde3_2'
2021-03-30T20:56:02 kio_help.upd: Running script 'move_kio_help_cache.sh'
2021-03-30T20:56:02 [Script] mv: cannot stat ‘/root/.kde/share/apps/kio_help/cache’: No such file or directory
2021-03-30T20:56:02 [Script] rmdir: failed to remove ‘/root/.kde/share/apps/kio_help’: No such file or directory
2021-03-30T20:56:02 Checking update-file '/usr/share/kde4/apps/kconf_update/kioslave.upd' for new updates
2021-03-30T20:56:02 kioslave.upd: Found new update 'kde2.2/r1'
2021-03-30T20:56:02 kioslave.upd: File 'kioslaverc' does not exist or empty, skipping
2021-03-30T20:56:02 kioslave.upd: Skipping update 'kde2.2/r1'
2021-03-30T20:56:02 kioslave.upd: File 'kioslaverc' does not exist or empty, skipping
2021-03-30T20:56:02 kioslave.upd: Found new update 'kde2.2/r2'
2021-03-30T20:56:02 kioslave.upd: File 'kioslaverc' does not exist or empty, skipping
2021-03-30T20:56:02 kioslave.upd: Found new update 'kde2.2/r3'
2021-03-30T20:56:02 kioslave.upd: File 'kioslaverc' does not exist or empty, skipping
2021-03-30T20:56:02 Checking update-file '/usr/share/kde4/apps/kconf_update/ksslcertificatemanager.upd' for new updates
2021-03-30T20:56:02 ksslcertificatemanager.upd: Found new update 'kde4.2'
2021-03-30T20:56:02 ksslcertificatemanager.upd: Running script 'ksslcertificatemanager.upd.sh'
2021-03-30T20:56:02 [Script] rm: cannot remove ‘/root/.kde//share/config/ksslcertificatemanager’: No such file or directory
2021-03-30T20:56:02 ksslcertificatemanager.upd: !! An error occurred while running 'sh /usr/share/kde4/apps/kconf_update/ksslcertificatemanager.upd.sh'
2021-03-30T20:56:02 Checking update-file '/usr/share/kde4/apps/kconf_update/okular.upd' for new updates
2021-03-30T20:56:02 okular.upd: Found new update 'sep_settings'
2021-03-30T20:56:02 okular.upd: File 'okularpartrc' does not exist or empty, skipping
2021-03-30T20:56:02 Checking update-file '/usr/share/kde4/apps/kconf_update/kcalcrc.upd' for new updates
2021-03-30T20:56:02 kcalcrc.upd: Found new update 'KDE_3_2_0'
2021-03-30T20:56:02 kcalcrc.upd: File 'kcalcrc' does not exist or empty, skipping
2021-03-30T20:56:02 kcalcrc.upd: Found new update 'KDE_4_3_0'
2021-03-30T20:56:02 kcalcrc.upd: File 'kcalcrc' does not exist or empty, skipping
2021-03-30T20:56:02 Checking update-file '/usr/share/kde4/apps/kconf_update/mailtransports.upd' for new updates
2021-03-30T20:56:02 mailtransports.upd: Found new update 'initial-kmail-migration'
2021-03-30T20:56:02 mailtransports.upd: Running script 'migrate-transports.pl' with arguments 'kmail'
2021-03-30T20:56:03 mailtransports.upd: Found new update 'initial-knode-migration'
2021-03-30T20:56:03 mailtransports.upd: File 'knoderc' does not exist or empty, skipping
2021-03-30T20:56:03 Checking update-file '/usr/share/kde4/apps/kconf_update/kwin_fsp_workarounds_1.upd' for new updates
2021-03-30T20:56:03 kwin_fsp_workarounds_1.upd: Found new update 'kde351'
2021-03-30T20:56:03 kwin_fsp_workarounds_1.upd: Running script 'kwin_update_default_rules' with arguments 'fsp_workarounds_1.kwinrules'
2021-03-30T20:56:03 Checking update-file '/usr/share/kde4/apps/kconf_update/kwin_remove_delay_focus.upd' for new updates
2021-03-30T20:56:03 kwin_remove_delay_focus.upd: Found new update 'Kwin-4.8'
2021-03-30T20:56:03 kwin_remove_delay_focus.upd: Running script 'kwin_remove_delay_focus.sh'
2021-03-30T20:56:03 Checking update-file '/usr/share/kde4/apps/kconf_update/kwin_remove_effects.upd' for new updates
2021-03-30T20:56:03 kwin_remove_effects.upd: Found new update 'kwin4.7_effects'
2021-03-30T20:56:03 Checking update-file '/usr/share/kde4/apps/kconf_update/konsole.upd' for new updates
2021-03-30T20:56:03 konsole.upd: Found new update '2.9.0-global-options'
2021-03-30T20:56:03 konsole.upd: Running script 'konsole-2.9.0-global-options.sh'
2021-03-30T20:56:03 konsole.upd: Found new update '2.9.0-colorscheme-bold-key'
2021-03-30T20:56:03 konsole.upd: Running script 'konsole-2.9.0-colorscheme-bold-key.sh'
2021-03-30T20:56:03 konsole.upd: Found new update '2.10.0-remove-menuindex-from-profiles'
2021-03-30T20:56:03 konsole.upd: Running script 'konsole-2.10.0-remove-menuindex-from-profiles.sh'
2021-03-30T20:56:03 Checking update-file '/usr/share/kde4/apps/kconf_update/kwin_translate_activity_rule.upd' for new updates
2021-03-30T20:56:03 kwin_translate_activity_rule.upd: Found new update 'Kwin-4.10'
2021-03-30T20:56:03 kwin_translate_activity_rule.upd: Running script 'kwin_translate_activity_rule.sh'
2021-03-30T20:56:03 Checking update-file '/usr/share/kde4/apps/kconf_update/plasma-add-shortcut-to-menu.upd' for new updates
2021-03-30T20:56:03 plasma-add-shortcut-to-menu.upd: Found new update '4.1LauncherShortcut'
2021-03-30T20:56:03 plasma-add-shortcut-to-menu.upd:2:'Script=plasma-add-shortcut-to-menu-update': Script 'plasma-add-shortcut-to-menu-update' not found
2021-03-30T20:56:03 Checking update-file '/usr/share/kde4/apps/kconf_update/plasma-to-plasmadesktop-shortcuts.upd' for new updates
2021-03-30T20:56:03 plasma-to-plasmadesktop-shortcuts.upd: Found new update '4.3plasma-desktop-shortcuts'
2021-03-30T20:56:03 Checking update-file '/usr/share/kde4/apps/kconf_update/kwin_translate_confrequest_rule.upd' for new updates
2021-03-30T20:56:03 kwin_translate_confrequest_rule.upd: Found new update 'Kwin-4.11'
2021-03-30T20:56:03 kwin_translate_confrequest_rule.upd: Running script 'kwin_translate_confrequest_rule.sh'
2021-03-30T20:56:03 Checking update-file '/usr/share/kde4/apps/kconf_update/kwin_update_410.upd' for new updates
2021-03-30T20:56:03 kwin_update_410.upd: Found new update 'Kwin-4.10_1'
2021-03-30T20:56:03 kwin_update_410.upd: Running script 'kwin_update_settings_410'
2021-03-30T20:56:03 Checking update-file '/usr/share/kde4/apps/kconf_update/kwin_update_411.upd' for new updates
2021-03-30T20:56:03 kwin_update_411.upd: Found new update 'Kwin-4.11_0'
2021-03-30T20:56:03 kwin_update_411.upd: Running script 'kwin_update_settings_411'
2021-03-30T20:56:03 Checking update-file '/usr/share/kde4/apps/kconf_update/kwin_update_49.upd' for new updates
2021-03-30T20:56:03 kwin_update_49.upd: Found new update 'Kwin-4.9'
2021-03-30T20:56:03 kwin_update_49.upd: Running script 'kwin_update_settings_49'
2021-03-30T20:56:03 Checking update-file '/usr/share/kde4/apps/kconf_update/plasmarc-to-plasmadesktoprc.upd' for new updates
2021-03-30T20:56:03 plasmarc-to-plasmadesktoprc.upd: Found new update '4.3plasma-desktop'
2021-03-30T20:56:03 plasmarc-to-plasmadesktoprc.upd: Running script 'plasma-to-plasma-desktop'
2021-03-30T20:56:03 Checking update-file '/usr/share/kde4/apps/kconf_update/kwin_update_tabbox_qml_settings.upd' for new updates
2021-03-30T20:56:03 kwin_update_tabbox_qml_settings.upd: Found new update 'Kwin-4.8'
2021-03-30T20:56:03 kwin_update_tabbox_qml_settings.upd: Running script 'kwin_update_tabbox_qml_settings'
2021-03-30T20:56:03 Checking update-file '/usr/share/kde4/apps/kconf_update/kwin_update_tabbox_settings.upd' for new updates
2021-03-30T20:56:03 kwin_update_tabbox_settings.upd: Found new update 'Kwin-4.4'
2021-03-30T20:56:03 kwin_update_tabbox_settings.upd: Running script 'kwin_update_tabbox_settings'
2021-03-30T20:56:03 Checking update-file '/usr/share/kde4/apps/kconf_update/devicepreference.upd' for new updates
2021-03-30T20:56:03 devicepreference.upd: Found new update 'DevicesMovedToPlatformPlugin'
2021-03-30T20:56:03 devicepreference.upd: Running script 'phonon_devicepreference_update'
2021-03-30T20:56:03 devicepreference.upd: Found new update 'DevicesUIDsChanged'
2021-03-30T20:56:03 devicepreference.upd: Running script 'phonon_deviceuids_update'
2021-03-30T20:56:03 Checking update-file '/usr/share/kde4/apps/kconf_update/kuriikwsfilter.upd' for new updates
2021-03-30T20:56:03 kuriikwsfilter.upd: Found new update 'post-kde3.1/cvs'
2021-03-30T20:56:03 kuriikwsfilter.upd: File 'kuriikwsfilterrc' does not exist or empty, skipping
2021-03-30T20:56:03 kuriikwsfilter.upd: Found new update 'pre-kde4.9'
2021-03-30T20:56:03 kuriikwsfilter.upd: File 'kuriikwsfilterrc' does not exist or empty, skipping
2021-03-30T20:56:03 Checking update-file '/usr/share/kde4/apps/kconf_update/kalarm.upd' for new updates
2021-03-30T20:56:03 kalarm.upd: Found new update '1.9.5'
2021-03-30T20:56:03 kalarm.upd: File 'kalarmrc' does not exist or empty, skipping
2021-03-30T20:56:03 kalarm.upd: Found new update '1.9.9'
2021-03-30T20:56:03 kalarm.upd: File 'kalarmrc' does not exist or empty, skipping
2021-03-30T20:56:03 kalarm.upd: Found new update '1.9.12'
2021-03-30T20:56:03 kalarm.upd: File 'kalarmrc' does not exist or empty, skipping
2021-03-30T20:56:03 kalarm.upd: Found new update '2.0.0'
2021-03-30T20:56:03 kalarm.upd: File 'kalarmrc' does not exist or empty, skipping
2021-03-30T20:56:03 kalarm.upd: Found new update '2.0.2'
2021-03-30T20:56:03 kalarm.upd: File 'kalarmrc' does not exist or empty, skipping
2021-03-30T20:56:03 kalarm.upd: Found new update '2.1.5'
2021-03-30T20:56:03 kalarm.upd: File 'kalarmrc' does not exist or empty, skipping
2021-03-30T20:56:03 kalarm.upd: Found new update '2.3.2'
2021-03-30T20:56:03 kalarm.upd: File 'kalarmrc' does not exist or empty, skipping
2021-03-30T20:56:03 Checking update-file '/usr/share/kde4/apps/kconf_update/korganizer.upd' for new updates
2021-03-30T20:56:03 korganizer.upd: Found new update 'korganizer_3.4_GroupwareCleanup'
2021-03-30T20:56:03 korganizer.upd: File 'korganizerrc' does not exist or empty, skipping
2021-03-30T20:56:03 korganizer.upd: Found new update 'korganizer_3.4_WebExport'
2021-03-30T20:56:03 korganizer.upd: File 'korganizerrc' does not exist or empty, skipping
2021-03-30T20:56:03 korganizer.upd: Found new update 'korganizer_3.4_FilterAction'
2021-03-30T20:56:03 korganizer.upd: File 'korganizerrc' does not exist or empty, skipping
2021-03-30T20:56:03 korganizer.upd: Found new update 'korganizer_3.4_HolidayPlugin'
2021-03-30T20:56:03 korganizer.upd: File 'korganizerrc' does not exist or empty, skipping
2021-03-30T20:56:03 korganizer.upd: Found new update 'korganizer_4.3_ShowTodos'
2021-03-30T20:56:03 korganizer.upd: File 'korganizerrc' does not exist or empty, skipping
2021-03-30T20:56:03 korganizer.upd: Found new update 'korganizer_4.4_MoveFreeBusy'
2021-03-30T20:56:03 korganizer.upd: File 'korganizerrc' does not exist or empty, skipping
2021-03-30T20:56:03 Checking update-file '/usr/share/kde4/apps/kconf_update/kpgp.upd' for new updates
2021-03-30T20:56:03 kpgp.upd: Found new update 'preKDE3_a'
2021-03-30T20:56:03 kpgp.upd: File 'kpgprc' does not exist or empty, skipping
2021-03-30T20:56:03 kpgp.upd: Found new update '3.1-1'
2021-03-30T20:56:03 kpgp.upd: File 'kpgprc' does not exist or empty, skipping
2021-03-30T20:56:03 Checking update-file '/usr/share/kde4/apps/kconf_update/kget.upd' for new updates
2021-03-30T20:56:03 kget.upd: Found new update '2.8.0'
2021-03-30T20:56:03 kget.upd: File 'kgetrc' does not exist or empty, skipping
2021-03-30T20:56:03 kget.upd: Found new update '2.8.0/multiseg'
2021-03-30T20:56:03 kget.upd: File 'kget_multisegkiofactory.rc' does not exist or empty, skipping
2021-03-30T20:56:03 kget.upd: Found new update '2.8.0/sensitive'
2021-03-30T20:56:03 kget.upd: File 'kgetrc' does not exist or empty, skipping
2021-03-30T20:56:03 kget.upd: Found new update '2.8.0/limitdownloads'
2021-03-30T20:56:03 kget.upd: File 'kgetrc' does not exist or empty, skipping
2021-03-30T20:56:03 Checking update-file '/usr/share/kde4/apps/kconf_update/notifications-to-orgkdenotifications.upd' for new updates
2021-03-30T20:56:03 notifications-to-orgkdenotifications.upd: Found new update '4.10QmlNotifications'
2021-03-30T20:56:03 notifications-to-orgkdenotifications.upd: Running script 'notifications-to-orgkdenotifications'
2021-03-30T20:56:03 Checking update-file '/usr/share/kde4/apps/kconf_update/klipper-kconfigxt.upd' for new updates
2021-03-30T20:56:03 klipper-kconfigxt.upd: Found new update 'KlipperNoSpacesInKeyNames'
2021-03-30T20:56:03 klipper-kconfigxt.upd: File 'klipperrc' does not exist or empty, skipping
2021-03-30T20:56:03 Checking update-file '/usr/share/kde4/apps/kconf_update/krdb_libpathwipe.upd' for new updates
2021-03-30T20:56:03 krdb_libpathwipe.upd: Found new update 'LibraryPathWipeOut'
2021-03-30T20:56:03 krdb_libpathwipe.upd: Running script 'krdb_clearlibrarypath'
2021-03-30T20:56:03 Checking update-file '/usr/share/kde4/apps/kconf_update/oxygen.upd' for new updates
2021-03-30T20:56:03 oxygen.upd: Found new update '1'
2021-03-30T20:56:03 oxygen.upd: Running script 'update_oxygen.pl'
2021-03-30T20:56:03 oxygen.upd: Script removes oxygenrc:Windeco:UseOxygenShadows
2021-03-30T20:56:03 Checking update-file '/usr/share/kde4/apps/kconf_update/kscreenlocker_locksession-shortcut.upd' for new updates
2021-03-30T20:56:03 kscreenlocker_locksession-shortcut.upd: Found new update '4.9-locksession-shortcut'
2021-03-30T20:56:03 kscreenlocker_locksession-shortcut.upd: Running script 'force_krunner_lock_shortcut_unreg'
2021-03-30T20:56:03 Checking update-file '/usr/share/kde4/apps/kconf_update/ksmserver_shortcuts.upd' for new updates
2021-03-30T20:56:03 ksmserver_shortcuts.upd: Found new update 'kde4.10'
2021-03-30T20:56:03 ksmserver_shortcuts.upd: Found new update 'kde4.10-remove-group-kscreenlocker'
2021-03-30T22:01:46 Checking update-file '/usr/share/kde4/apps/kconf_update/kde-display-handler.upd' for new updates
2021-03-30T22:01:47 Checking update-file '/usr/share/kde4/apps/kconf_update/kde-display-handler.upd' for new updates
2021-03-30T22:33:19 Checking update-file '/usr/share/kde4/apps/kconf_update/kcookiescfg.upd' for new updates
2021-03-30T22:33:21 Checking update-file '/usr/share/kde4/apps/kconf_update/kded.upd' for new updates
2021-03-30T22:33:21 Checking update-file '/usr/share/kde4/apps/kconf_update/kio_help.upd' for new updates
2021-03-30T22:33:21 Checking update-file '/usr/share/kde4/apps/kconf_update/kioslave.upd' for new updates
2021-03-30T22:33:21 kioslave.upd: Found new update 'kde2.2/r1'
2021-03-30T22:33:21 Checking update-file '/usr/share/kde4/apps/kconf_update/kioslave.upd' for new updates
2021-03-30T22:33:21 kioslave.upd: Found new update 'kde2.2/r1'
2021-03-30T22:33:22 kioslave.upd: Skipping update 'kde2.2/r1'
2021-03-30T22:33:22 kioslave.upd: File 'kioslaverc' does not exist or empty, skipping
2021-03-30T22:33:22 Checking update-file '/usr/share/kde4/apps/kconf_update/ksslcertificatemanager.upd' for new updates
2021-03-30T22:33:22 kioslave.upd: Skipping update 'kde2.2/r1'
2021-03-30T22:33:22 kioslave.upd: File 'kioslaverc' does not exist or empty, skipping
2021-03-30T22:33:22 Checking update-file '/usr/share/kde4/apps/kconf_update/ksslcertificatemanager.upd' for new updates
2021-03-30T22:33:42 Checking update-file '/usr/share/kde4/apps/kconf_update/kwin_fsp_workarounds_1.upd' for new updates
2021-03-30T22:33:42 Checking update-file '/usr/share/kde4/apps/kconf_update/kwin_fsp_workarounds_1.upd' for new updates
2021-03-30T22:33:42 Checking update-file '/usr/share/kde4/apps/kconf_update/kwin_remove_delay_focus.upd' for new updates
2021-03-30T22:33:42 Checking update-file '/usr/share/kde4/apps/kconf_update/kwin_remove_effects.upd' for new updates
2021-03-30T22:33:42 Checking update-file '/usr/share/kde4/apps/kconf_update/kwin_translate_activity_rule.upd' for new updates
2021-03-30T22:33:42 Checking update-file '/usr/share/kde4/apps/kconf_update/kwin_translate_confrequest_rule.upd' for new updates
2021-03-30T22:33:42 Checking update-file '/usr/share/kde4/apps/kconf_update/kwin_update_410.upd' for new updates
2021-03-30T22:33:42 Checking update-file '/usr/share/kde4/apps/kconf_update/kwin_update_411.upd' for new updates
2021-03-30T22:33:42 Checking update-file '/usr/share/kde4/apps/kconf_update/kwin_update_49.upd' for new updates
2021-03-30T22:33:42 Checking update-file '/usr/share/kde4/apps/kconf_update/kwin_update_tabbox_qml_settings.upd' for new updates
2021-03-30T22:33:42 Checking update-file '/usr/share/kde4/apps/kconf_update/kwin_update_tabbox_settings.upd' for new updates
2021-03-30T22:33:43 Checking update-file '/usr/share/kde4/apps/kconf_update/kwin_remove_delay_focus.upd' for new updates
2021-03-30T22:33:43 Checking update-file '/usr/share/kde4/apps/kconf_update/kwin_remove_effects.upd' for new updates
2021-03-30T22:33:43 Checking update-file '/usr/share/kde4/apps/kconf_update/kwin_translate_activity_rule.upd' for new updates
2021-03-30T22:33:43 Checking update-file '/usr/share/kde4/apps/kconf_update/kwin_translate_confrequest_rule.upd' for new updates
2021-03-30T22:33:43 Checking update-file '/usr/share/kde4/apps/kconf_update/kwin_update_410.upd' for new updates
2021-03-30T22:33:43 Checking update-file '/usr/share/kde4/apps/kconf_update/kwin_update_411.upd' for new updates
2021-03-30T22:33:43 Checking update-file '/usr/share/kde4/apps/kconf_update/kwin_update_49.upd' for new updates
2021-03-30T22:33:43 Checking update-file '/usr/share/kde4/apps/kconf_update/kwin_update_tabbox_qml_settings.upd' for new updates
2021-03-30T22:33:43 Checking update-file '/usr/share/kde4/apps/kconf_update/kwin_update_tabbox_settings.upd' for new updates
2021-03-30T22:34:36 Checking update-file '/usr/share/kde4/apps/kconf_update/konsole.upd' for new updates
2021-03-30T22:34:36 Checking update-file '/usr/share/kde4/apps/kconf_update/konsole.upd' for new updates
2021-03-30T22:35:00 Checking update-file '/usr/share/kde4/apps/kconf_update/plasma-add-shortcut-to-menu.upd' for new updates
2021-03-30T22:35:00 plasma-add-shortcut-to-menu.upd: Found new update '4.1LauncherShortcut'
2021-03-30T22:35:00 plasma-add-shortcut-to-menu.upd:2:'Script=plasma-add-shortcut-to-menu-update': Script 'plasma-add-shortcut-to-menu-update' not found
2021-03-30T22:35:00 Checking update-file '/usr/share/kde4/apps/kconf_update/plasma-add-shortcut-to-menu.upd' for new updates
2021-03-30T22:35:00 plasma-add-shortcut-to-menu.upd: Found new update '4.1LauncherShortcut'
2021-03-30T22:35:00 plasma-add-shortcut-to-menu.upd:2:'Script=plasma-add-shortcut-to-menu-update': Script 'plasma-add-shortcut-to-menu-update' not found
2021-03-30T22:35:00 Checking update-file '/usr/share/kde4/apps/kconf_update/plasma-to-plasmadesktop-shortcuts.upd' for new updates
2021-03-30T22:35:00 Checking update-file '/usr/share/kde4/apps/kconf_update/plasmarc-to-plasmadesktoprc.upd' for new updates
2021-03-30T22:35:00 Checking update-file '/usr/share/kde4/apps/kconf_update/notifications-to-orgkdenotifications.upd' for new updates
2021-03-30T22:35:00 Checking update-file '/usr/share/kde4/apps/kconf_update/klipper-kconfigxt.upd' for new updates
2021-03-30T22:35:00 Checking update-file '/usr/share/kde4/apps/kconf_update/krdb_libpathwipe.upd' for new updates
2021-03-30T22:35:00 Checking update-file '/usr/share/kde4/apps/kconf_update/oxygen.upd' for new updates
2021-03-30T22:35:00 Checking update-file '/usr/share/kde4/apps/kconf_update/kscreenlocker_locksession-shortcut.upd' for new updates
2021-03-30T22:35:00 Checking update-file '/usr/share/kde4/apps/kconf_update/ksmserver_shortcuts.upd' for new updates
2021-03-30T22:35:00 Checking update-file '/usr/share/kde4/apps/kconf_update/plasma-to-plasmadesktop-shortcuts.upd' for new updates
2021-03-30T22:35:00 Checking update-file '/usr/share/kde4/apps/kconf_update/plasmarc-to-plasmadesktoprc.upd' for new updates
2021-03-30T22:35:00 Checking update-file '/usr/share/kde4/apps/kconf_update/notifications-to-orgkdenotifications.upd' for new updates
2021-03-30T22:35:00 Checking update-file '/usr/share/kde4/apps/kconf_update/klipper-kconfigxt.upd' for new updates
2021-03-30T22:35:00 Checking update-file '/usr/share/kde4/apps/kconf_update/krdb_libpathwipe.upd' for new updates
2021-03-30T22:35:00 Checking update-file '/usr/share/kde4/apps/kconf_update/oxygen.upd' for new updates
2021-03-30T22:35:00 Checking update-file '/usr/share/kde4/apps/kconf_update/kscreenlocker_locksession-shortcut.upd' for new updates
2021-03-30T22:35:00 Checking update-file '/usr/share/kde4/apps/kconf_update/ksmserver_shortcuts.upd' for new updates
2021-03-30T22:35:17 Checking update-file '/usr/share/kde4/apps/kconf_update/okular.upd' for new updates
